#
# There is insufficient memory for the Java Runtime Environment to continue.
# Native memory allocation (malloc) failed to allocate 1048576 bytes for AllocateHeap
# Possible reasons:
#   The system is out of physical RAM or swap space
#   In 32 bit mode, the process size limit was hit
# Possible solutions:
#   Reduce memory load on the system
#   Increase physical memory or swap space
#   Check if swap backing store is full
#   Use 64 bit Java on a 64 bit OS
#   Decrease Java heap size (-Xmx/-Xms)
#   Decrease number of Java threads
#   Decrease Java thread stack sizes (-Xss)
#   Set larger code cache with -XX:ReservedCodeCacheSize=
# This output file may be truncated or incomplete.
#
#  Out of Memory Error (memory/allocation.inline.hpp:61), pid=16944, tid=0x0000000000004be0
#
# JRE version:  (8.0_121-b13) (build )
# Java VM: Java HotSpot(TM) 64-Bit Server VM (25.121-b13 mixed mode windows-amd64 compressed oops)
# Failed to write core dump. Minidumps are not enabled by default on client versions of Windows
#

---------------  T H R E A D  ---------------

Current thread (0x0000000002e60800):  JavaThread "Unknown thread" [_thread_in_vm, id=19424, stack(0x00000000029f0000,0x0000000002af0000)]

Stack: [0x00000000029f0000,0x0000000002af0000]
[error occurred during error reporting (printing stack bounds), id 0xc0000005]

Native frames: (J=compiled Java code, j=interpreted, Vv=VM code, C=native code)


---------------  P R O C E S S  ---------------

Java Threads: ( => current thread )

Other Threads:

=>0x0000000002e60800 (exited) JavaThread "Unknown thread" [_thread_in_vm, id=19424, stack(0x00000000029f0000,0x0000000002af0000)]

VM state:not at safepoint (normal execution)

VM Mutex/Monitor currently owned by a thread: None

Heap:
 PSYoungGen      total 36864K, used 634K [0x00000000d7180000, 0x00000000d9a80000, 0x0000000100000000)
  eden space 31744K, 2% used [0x00000000d7180000,0x00000000d721eb90,0x00000000d9080000)
  from space 5120K, 0% used [0x00000000d9580000,0x00000000d9580000,0x00000000d9a80000)
  to   space 5120K, 0% used [0x00000000d9080000,0x00000000d9080000,0x00000000d9580000)
 ParOldGen       total 84992K, used 0K [0x0000000085400000, 0x000000008a700000, 0x00000000d7180000)
  object space 84992K, 0% used [0x0000000085400000,0x0000000085400000,0x000000008a700000)
 Metaspace       used 746K, capacity 4480K, committed 4480K, reserved 1056768K
  class space    used 75K, capacity 384K, committed 384K, reserved 1048576K

Card table byte_map: [0x0000000012380000,0x0000000012760000] byte_map_base: 0x0000000011f56000

Marking Bits: (ParMarkBitMap*) 0x0000000077f7b6d0
 Begin Bits: [0x0000000012df0000, 0x0000000014ca0000)
 End Bits:   [0x0000000014ca0000, 0x0000000016b50000)

Polling page: 0x0000000001150000

CodeCache: size=245760Kb used=328Kb max_used=328Kb free=245431Kb
 bounds [0x0000000002fc0000, 0x0000000003230000, 0x0000000011fc0000]
 total_blobs=58 nmethods=0 adapters=38
 compilation: enabled

Compilation events (0 events):
No events

GC Heap History (0 events):
No events

Deoptimization events (0 events):
No events

Internal exceptions (0 events):
No events

Events (10 events):
Event: 0.036 loading class java/lang/Short
Event: 0.036 loading class java/lang/Short done
Event: 0.036 loading class java/lang/Integer
Event: 0.036 loading class java/lang/Integer done
Event: 0.036 loading class java/lang/Long
Event: 0.036 loading class java/lang/Long done
Event: 0.036 loading class java/lang/NullPointerException
Event: 0.037 loading class java/lang/NullPointerException done
Event: 0.037 loading class java/lang/ArithmeticException
Event: 0.037 loading class java/lang/ArithmeticException done


Dynamic libraries:
0x00007ff69f810000 - 0x00007ff69f847000 	C:\Program Files\Java\jre1.8.0_121\bin\javaw.exe
0x00007ff809830000 - 0x00007ff809a01000 	C:\WINDOWS\SYSTEM32\ntdll.dll
0x00007ff807250000 - 0x00007ff8072fc000 	C:\WINDOWS\System32\KERNEL32.DLL
0x00007ffff9b00000 - 0x00007ffff9b33000 	C:\Program Files\AVAST Software\Avast\x64\aswhooka.dll
0x00007ff806580000 - 0x00007ff80679d000 	C:\WINDOWS\System32\KERNELBASE.dll
0x00007ff807300000 - 0x00007ff8073a2000 	C:\WINDOWS\System32\ADVAPI32.dll
0x00007ff809210000 - 0x00007ff8092ae000 	C:\WINDOWS\System32\msvcrt.dll
0x00007ff807410000 - 0x00007ff807469000 	C:\WINDOWS\System32\sechost.dll
0x00007ff807540000 - 0x00007ff807661000 	C:\WINDOWS\System32\RPCRT4.dll
0x00007ff8090a0000 - 0x00007ff809205000 	C:\WINDOWS\System32\USER32.dll
0x00007ff806560000 - 0x00007ff80657e000 	C:\WINDOWS\System32\win32u.dll
0x00007ff807670000 - 0x00007ff8076a4000 	C:\WINDOWS\System32\GDI32.dll
0x00007ff806bd0000 - 0x00007ff806d52000 	C:\WINDOWS\System32\gdi32full.dll
0x00007ffff1280000 - 0x00007ffff14fa000 	C:\WINDOWS\WinSxS\amd64_microsoft.windows.common-controls_6595b64144ccf1df_6.0.14393.953_none_42151e83c686086b\COMCTL32.dll
0x00007ff807850000 - 0x00007ff807b18000 	C:\WINDOWS\System32\combase.dll
0x00007ff8067a0000 - 0x00007ff806895000 	C:\WINDOWS\System32\ucrtbase.dll
0x00007ff806b60000 - 0x00007ff806bca000 	C:\WINDOWS\System32\bcryptPrimitives.dll
0x00007ff8096e0000 - 0x00007ff80970e000 	C:\WINDOWS\System32\IMM32.DLL
0x00000000500a0000 - 0x0000000050172000 	C:\Program Files\Java\jre1.8.0_121\bin\msvcr100.dll
0x0000000077760000 - 0x0000000077ffb000 	C:\Program Files\Java\jre1.8.0_121\bin\server\jvm.dll
0x00007ff807530000 - 0x00007ff807538000 	C:\WINDOWS\System32\PSAPI.DLL
0x00007ffff9c80000 - 0x00007ffff9c89000 	C:\WINDOWS\SYSTEM32\WSOCK32.dll
0x00007ff807b20000 - 0x00007ff807b8a000 	C:\WINDOWS\System32\WS2_32.dll
0x00007ff803c60000 - 0x00007ff803c83000 	C:\WINDOWS\SYSTEM32\WINMM.dll
0x00007ffffa380000 - 0x00007ffffa38a000 	C:\WINDOWS\SYSTEM32\VERSION.dll
0x00007ff803c30000 - 0x00007ff803c5b000 	C:\WINDOWS\SYSTEM32\WINMMBASE.dll
0x00007ff8068a0000 - 0x00007ff8068e2000 	C:\WINDOWS\System32\cfgmgr32.dll
0x0000000050d00000 - 0x0000000050d0f000 	C:\Program Files\Java\jre1.8.0_121\bin\verify.dll
0x0000000050220000 - 0x0000000050249000 	C:\Program Files\Java\jre1.8.0_121\bin\java.dll
0x0000000050200000 - 0x0000000050216000 	C:\Program Files\Java\jre1.8.0_121\bin\zip.dll

VM Arguments:
jvm_args: -Dfile.encoding=MS950 
java_command: proj.Main
java_class_path (initial): C:\Users\user\git\JavaFinal\FinalProject_Java\bin
Launcher Type: SUN_STANDARD

Environment Variables:
PATH=C:/Program Files/Java/jre1.8.0_121/bin/server;C:/Program Files/Java/jre1.8.0_121/bin;C:/Program Files/Java/jre1.8.0_121/lib/amd64;C:\Program Files (x86)\NVIDIA Corporation\PhysX\Common;C:\ProgramData\Oracle\Java\javapath;C:\Program Files (x86)\Intel\iCLS Client\;C:\Program Files\Intel\iCLS Client\;C:\WINDOWS\system32;C:\WINDOWS;C:\WINDOWS\System32\Wbem;C:\WINDOWS\System32\WindowsPowerShell\v1.0\;C:\Program Files (x86)\Intel\OpenCL SDK\3.0\bin\x86;C:\Program Files (x86)\Intel\OpenCL SDK\3.0\bin\x64;C:\Program Files\Intel\Intel(R) Management Engine Components\DAL;C:\Program Files\Intel\Intel(R) Management Engine Components\IPT;C:\Program Files (x86)\Intel\Intel(R) Management Engine Components\DAL;C:\Program Files (x86)\Intel\Intel(R) Management Engine Components\IPT;C:\Program Files (x86)\Windows Live\Shared;C:\Program Files (x86)\Microsoft SQL Server\110\Tools\Binn\;C:\Program Files\Microsoft SQL Server\110\Tools\Binn\;C:\Program Files\Microsoft SQL Server\110\DTS\Binn\;C:\Program Files\Common Files\Autodesk Shared\;C:\Program Files (x86)\Autodesk\Backburner\;C:\Program Files\Git\cmd;C:\Program Files (x86)\Skype\Phone\;C:\Users\user\AppData\Roaming\npm;C:\Program Files (x86)\nodejs\;C:\Users\user\AppData\Local\Microsoft\WindowsApps;;C:\Users\user\eclipse\java-neon\eclipse;
USERNAME=user
OS=Windows_NT
PROCESSOR_IDENTIFIER=Intel64 Family 6 Model 69 Stepping 1, GenuineIntel



---------------  S Y S T E M  ---------------

OS: Windows 10.0 , 64 bit Build 14393 (10.0.14393.1198)

CPU:total 4 (2 cores per cpu, 2 threads per core) family 6 model 69 stepping 1, cmov, cx8, fxsr, mmx, sse, sse2, sse3, ssse3, sse4.1, sse4.2, popcnt, avx, avx2, aes, clmul, erms, lzcnt, ht, tsc, tscinvbit, bmi1, bmi2

Memory: 4k page, physical 8036632k(2100416k free), swap 32153880k(15388k free)

vm_info: Java HotSpot(TM) 64-Bit Server VM (25.121-b13) for windows-amd64 JRE (1.8.0_121-b13), built on Dec 12 2016 18:21:36 by "java_re" with MS VC++ 10.0 (VS2010)

time: Wed May 31 03:19:41 2017
elapsed time: 0 seconds (0d 0h 0m 0s)

